<?xml version="1.0" encoding="UTF-8"?>
<!-- Generated by org.testng.reporters.JUnitReportReporter -->
<testsuite hostname="DESKTOP-SJV4J3R" failures="0" tests="1" name="testng.LoginTest" time="9.891" errors="0" timestamp="03 Dec 2021 02:26:20 GMT" skipped="0">
  <testcase classname="testng.LoginTest" name="test1" time="9.891"/>
</testsuite> <!-- testng.LoginTest -->
