<?xml version="1.0" encoding="UTF-8"?>
<!-- Generated by org.testng.reporters.JUnitReportReporter -->
<testsuite hostname="DESKTOP-SJV4J3R" failures="0" tests="2" name="grid.GridTest" time="26.672" errors="0" timestamp="04 Dec 2021 00:38:12 GMT" skipped="0">
  <testcase classname="grid.GridTest" name="test1" time="9.637"/>
  <testcase classname="grid.GridTest" name="test2" time="17.035"/>
</testsuite> <!-- grid.GridTest -->
